<?xml version="1.0" encoding="UTF-8"?>
<testng-results ignored="0" total="2" passed="2" failed="0" skipped="0">
  <reporter-output>
  </reporter-output>
  <suite started-at="2024-03-21T16:02:02 IST" name="Default suite" finished-at="2024-03-21T16:02:09 IST" duration-ms="6443">
    <groups>
    </groups>
    <test started-at="2024-03-21T16:02:02 IST" name="Default test" finished-at="2024-03-21T16:02:09 IST" duration-ms="6443">
      <class name="com.TestPackage.LoginTestClass">
        <test-method is-config="true" signature="setUp()[pri:0, instance:com.TestPackage.LoginTestClass@31304f14]" started-at="2024-03-21T16:02:02 IST" name="setUp" finished-at="2024-03-21T16:02:08 IST" duration-ms="5317" status="PASS">
          <reporter-output>
          </reporter-output>
        </test-method> <!-- setUp -->
        <test-method signature="getTitle()[pri:0, instance:com.TestPackage.LoginTestClass@31304f14]" started-at="2024-03-21T16:02:08 IST" name="getTitle" finished-at="2024-03-21T16:02:08 IST" duration-ms="28" status="PASS">
          <reporter-output>
          </reporter-output>
        </test-method> <!-- getTitle -->
        <test-method signature="loginTest()[pri:0, instance:com.TestPackage.LoginTestClass@31304f14]" started-at="2024-03-21T16:02:08 IST" name="loginTest" finished-at="2024-03-21T16:02:08 IST" duration-ms="776" status="PASS">
          <reporter-output>
          </reporter-output>
        </test-method> <!-- loginTest -->
        <test-method is-config="true" signature="tearDown()[pri:0, instance:com.TestPackage.LoginTestClass@31304f14]" started-at="2024-03-21T16:02:08 IST" name="tearDown" finished-at="2024-03-21T16:02:09 IST" duration-ms="276" status="PASS">
          <reporter-output>
          </reporter-output>
        </test-method> <!-- tearDown -->
      </class> <!-- com.TestPackage.LoginTestClass -->
    </test> <!-- Default test -->
  </suite> <!-- Default suite -->
</testng-results>
